<?xml version="1.0" encoding="UTF-8"?>
<testsuite xmlns:xsi="http://www.w3.org/2001/XMLSchema-instance" xsi:noNamespaceSchemaLocation="https://maven.apache.org/surefire/maven-surefire-plugin/xsd/surefire-test-report.xsd" name="RegistrationTest" time="6.363" tests="2" errors="0" skipped="0" failures="0">
  <properties>
[...]
</properties>
  <testcase name="userCannotRegisterWithShortPasswordTest" classname="RegistrationTest" time="2.673"/>
  <testcase name="RegisterSuccessfullyTest" classname="RegistrationTest" time="3.688"/>
</testsuite>